
> frontend@0.0.0 dev
> vite --host


  VITE v4.5.14  ready in 355 ms

  ➜  Local:   http://localhost:5173/
  ➜  Network: http://172.31.24.231:5173/

> frontend@0.0.0 dev
> vite --host


  VITE v4.5.14  ready in 624 ms

  ➜  Local:   http://localhost:5173/
  ➜  Network: http://172.31.24.231:5173/
9:35:42 AM [vite] hmr update /src/index.css, /src/components/ui/skeleton.tsx
9:35:42 AM [vite] hmr update /src/pages/signup-page.tsx, /src/index.css, /src/pages/signin-page.tsx, /src/components/form-blog.tsx
9:35:42 AM [vite] hmr update /src/index.css, /src/components/PostMobileViewComponent.tsx, /src/components/post-card.tsx, /src/components/featured-post-card.tsx, /src/components/latest-post-card.tsx
9:35:42 AM [vite] hmr update /src/pages/signup-page.tsx, /src/index.css, /src/pages/signin-page.tsx, /src/components/require-auth-blog.tsx, /src/components/unprotected-route.tsx, /src/pages/edit-blog.tsx, /src/pages/details-page.tsx, /src/components/form-blog.tsx, /src/layouts/header-layout.tsx
9:35:42 AM [vite] hmr update /src/index.css, /src/components/blog-feed.tsx, /src/components/form-blog.tsx, /src/components/category-pill.tsx
9:35:42 AM [vite] hmr update /src/App.tsx, /src/index.css, /src/components/theme-toggle-button.tsx
9:35:42 AM [vite] page reload src/__tests__/mocks/handeler-mock.ts
9:35:42 AM [vite] page reload src/__tests__/mocks/node-mock.ts
9:35:42 AM [vite] hmr update /src/components/require-auth-blog.tsx, /src/index.css, /src/components/unprotected-route.tsx, /src/pages/edit-blog.tsx, /src/pages/details-page.tsx, /src/components/form-blog.tsx, /src/layouts/header-layout.tsx
9:35:42 AM [vite] page reload src/vite-env.d.ts
9:35:42 AM [vite] page reload src/config/jest/file-mock.ts
9:35:42 AM [vite] page reload src/config/jest/setup-tests.ts
9:35:42 AM [vite] page reload src/config/jest/style-mock.ts
9:35:42 AM [vite] hmr update /src/pages/home-page.tsx, /src/index.css, /src/pages/admin-users.tsx, /src/pages/details-page.tsx, /src/pages/signup-page.tsx, /src/pages/admin-blogs.tsx, /src/pages/signin-page.tsx, /src/components/require-auth-blog.tsx, /src/components/unprotected-route.tsx, /src/pages/edit-blog.tsx, /src/components/form-blog.tsx, /src/layouts/header-layout.tsx
9:35:42 AM [vite] page reload src/types/test-props.ts
9:35:42 AM [vite] hmr update /src/index.css, /src/components/modal.tsx
9:35:42 AM [vite] vite.config.ts changed, restarting server...
✘ [ERROR] Unterminated string literal

    vite.config.ts:21:31:
      21 │     setupFiles: './test-setup",
         ╵                                ^

failed to load config from /home/ubuntu/wanderlust/frontend/vite.config.ts
9:35:42 AM [vite] Build failed with 1 error:
vite.config.ts:21:31: ERROR: Unterminated string literal
9:35:42 AM [vite] server restart failed
12:45:56 PM [vite] .env.local changed, restarting server...
✘ [ERROR] Unterminated string literal

    vite.config.ts:21:31:
      21 │     setupFiles: './test-setup",
         ╵                                ^

failed to load config from /home/ubuntu/wanderlust/frontend/vite.config.ts
12:45:56 PM [vite] Build failed with 1 error:
vite.config.ts:21:31: ERROR: Unterminated string literal
12:45:56 PM [vite] server restart failed
12:46:32 PM [vite] .env.sample changed, restarting server...
✘ [ERROR] Unterminated string literal

    vite.config.ts:21:31:
      21 │     setupFiles: './test-setup",
         ╵                                ^

failed to load config from /home/ubuntu/wanderlust/frontend/vite.config.ts
12:46:32 PM [vite] Build failed with 1 error:
vite.config.ts:21:31: ERROR: Unterminated string literal
12:46:32 PM [vite] server restart failed
1:07:02 PM [vite] hmr update /src/pages/details-page.tsx, /src/index.css
1:07:02 PM [vite] hmr update /src/components/blog-feed.tsx, /src/index.css
1:34:43 PM [vite] .env.sample changed, restarting server...
1:34:43 PM [vite] vite.config.ts changed, restarting server...
1:34:43 PM [vite] server restarted.
1:34:54 PM [vite] vite.config.ts changed, restarting server...
1:34:54 PM [vite] server restarted.

> frontend@0.0.0 dev
> vite --host


  VITE v4.5.14  ready in 492 ms

  ➜  Local:   http://localhost:5173/
  ➜  Network: http://172.31.24.231:5173/
